Base path: B:/Program Files (x86)/Unity/Editor/Data
Pipe name: \\.\pipe\UnityShaderCompiler-64bit-1-62836
Cmd: getPlatforms
Cmd: preprocess
  insize=219 outsize=219 ok=1
Cmd: preprocess
  insize=2317 outsize=849 ok=1
Cmd: preprocess
  insize=1571 outsize=492 ok=1
Cmd: preprocess
  insize=2330 outsize=478 ok=1
Cmd: preprocess
  insize=1964 outsize=478 ok=1
Cmd: preprocess
  insize=480 outsize=480 ok=1
Cmd: preprocess
  insize=2450 outsize=535 ok=1
Cmd: preprocess
  insize=2083 outsize=533 ok=1
Cmd: preprocess
  insize=1404 outsize=609 ok=1
Cmd: preprocess
  insize=1452 outsize=830 ok=1
Cmd: preprocess
  insize=1503 outsize=625 ok=1
Cmd: preprocess
  insize=2684 outsize=849 ok=1
Cmd: preprocess
  insize=1560 outsize=533 ok=1
Cmd: preprocess
  insize=1428 outsize=478 ok=1
Cmd: preprocess
  insize=3042 outsize=2110 ok=1
Cmd: preprocess
  insize=1784 outsize=847 ok=1
Cmd: preprocess
  insize=2474 outsize=494 ok=1
Cmd: preprocess
  insize=435 outsize=435 ok=1
Cmd: preprocess
  insize=1465 outsize=506 ok=1
Cmd: preprocess
  insize=1414 outsize=840 ok=1
Cmd: preprocess
  insize=5950 outsize=3818 ok=1
Cmd: preprocess
  insize=1464 outsize=884 ok=1
Cmd: preprocess
  insize=2361 outsize=2709 ok=1
Cmd: preprocess
  insize=1287 outsize=490 ok=1
Cmd: preprocess
  insize=1232 outsize=482 ok=1
Cmd: preprocess
  insize=2107 outsize=491 ok=1
Cmd: preprocess
  insize=1668 outsize=929 ok=1
Cmd: preprocess
  insize=1825 outsize=929 ok=1
Cmd: compileSnippet
  api=4 type=0 insize=1197 outsize=1274 kw= ok=1
Cmd: compileSnippet
  api=4 type=1 insize=1197 outsize=754 kw= ok=1
Cmd: preprocess
  insize=584 outsize=584 ok=1
Cmd: preprocess
  insize=993 outsize=928 ok=1
Cmd: compileSnippet
  api=4 type=0 insize=6600 outsize=2493 kw=DIRECTIONAL SHADOWS_OFF LIGHTMAP_OFF DIRLIGHTMAP_OFF DYNAMICLIGHTMAP_OFF ok=1
Cmd: compileSnippet
  api=4 type=1 insize=6600 outsize=949 kw=DIRECTIONAL SHADOWS_OFF LIGHTMAP_OFF DIRLIGHTMAP_OFF DYNAMICLIGHTMAP_OFF ok=1
Cmd: compileSnippet
  api=4 type=0 insize=3111 outsize=2087 kw= ok=1
Cmd: compileSnippet
  api=4 type=1 insize=3111 outsize=1250 kw= ok=1
Cmd: preprocess
  insize=1872 outsize=705 ok=1
Cmd: compileSnippet
  api=4 type=0 insize=1469 outsize=1193 kw= ok=1
Cmd: compileSnippet
  api=4 type=1 insize=1469 outsize=1079 kw= ok=1
Cmd: preprocess
  insize=2520 outsize=1258 ok=1
Cmd: compileSnippet
  api=4 type=0 insize=7797 outsize=2493 kw=DIRECTIONAL SHADOWS_OFF LIGHTMAP_OFF DIRLIGHTMAP_OFF DYNAMICLIGHTMAP_OFF ok=1
Cmd: compileSnippet
  api=4 type=1 insize=7797 outsize=3484 kw=DIRECTIONAL SHADOWS_OFF LIGHTMAP_OFF DIRLIGHTMAP_OFF DYNAMICLIGHTMAP_OFF ok=1
Cmd: compileSnippet
  api=4 type=0 insize=4308 outsize=2087 kw= ok=1
Cmd: compileSnippet
  api=4 type=1 insize=4308 outsize=3785 kw= ok=1
Cmd: preprocess
  insize=1009 outsize=945 ok=1
Cmd: compileSnippet
  api=4 type=0 insize=6600 outsize=2493 kw=DIRECTIONAL SHADOWS_OFF LIGHTMAP_OFF DIRLIGHTMAP_OFF DYNAMICLIGHTMAP_OFF ok=1
Cmd: compileSnippet
  api=4 type=1 insize=6600 outsize=949 kw=DIRECTIONAL SHADOWS_OFF LIGHTMAP_OFF DIRLIGHTMAP_OFF DYNAMICLIGHTMAP_OFF ok=1
Cmd: compileSnippet
  api=4 type=0 insize=3111 outsize=2087 kw= ok=1
Cmd: compileSnippet
  api=4 type=1 insize=3111 outsize=1250 kw= ok=1
Cmd: preprocess
  insize=1895 outsize=999 ok=1
Cmd: preprocess
  insize=2516 outsize=1259 ok=1
Cmd: compileSnippet
  api=4 type=0 insize=7794 outsize=2493 kw=DIRECTIONAL SHADOWS_OFF LIGHTMAP_OFF DIRLIGHTMAP_OFF DYNAMICLIGHTMAP_OFF ok=1
Cmd: compileSnippet
  api=4 type=1 insize=7794 outsize=3484 kw=DIRECTIONAL SHADOWS_OFF LIGHTMAP_OFF DIRLIGHTMAP_OFF DYNAMICLIGHTMAP_OFF ok=1
Cmd: compileSnippet
  api=4 type=0 insize=4305 outsize=2087 kw= ok=1
Cmd: compileSnippet
  api=4 type=1 insize=4305 outsize=3785 kw= ok=1
Cmd: preprocess
  insize=1891 outsize=1137 ok=1
Cmd: compileSnippet
  api=4 type=0 insize=7294 outsize=2493 kw=DIRECTIONAL SHADOWS_OFF LIGHTMAP_OFF DIRLIGHTMAP_OFF DYNAMICLIGHTMAP_OFF ok=1
Cmd: compileSnippet
  api=4 type=1 insize=7294 outsize=1558 kw=DIRECTIONAL SHADOWS_OFF LIGHTMAP_OFF DIRLIGHTMAP_OFF DYNAMICLIGHTMAP_OFF ok=1
Cmd: compileSnippet
  api=4 type=0 insize=3804 outsize=2087 kw= ok=1
Cmd: compileSnippet
  api=4 type=1 insize=3804 outsize=1859 kw= ok=1
Cmd: preprocess
  insize=647 outsize=647 ok=1
Cmd: preprocess
  insize=1903 outsize=1136 ok=1
Cmd: compileSnippet
  api=4 type=0 insize=7307 outsize=2493 kw=DIRECTIONAL SHADOWS_OFF LIGHTMAP_OFF DIRLIGHTMAP_OFF DYNAMICLIGHTMAP_OFF ok=1
Cmd: compileSnippet
  api=4 type=1 insize=7307 outsize=1558 kw=DIRECTIONAL SHADOWS_OFF LIGHTMAP_OFF DIRLIGHTMAP_OFF DYNAMICLIGHTMAP_OFF ok=1
Cmd: compileSnippet
  api=4 type=0 insize=3817 outsize=2087 kw= ok=1
Cmd: compileSnippet
  api=4 type=1 insize=3817 outsize=1859 kw= ok=1
Cmd: preprocess
  insize=2052 outsize=1135 ok=1
Cmd: compileSnippet
  api=4 type=0 insize=7457 outsize=2493 kw=DIRECTIONAL SHADOWS_OFF LIGHTMAP_OFF DIRLIGHTMAP_OFF DYNAMICLIGHTMAP_OFF ok=1
Cmd: compileSnippet
  api=4 type=1 insize=7457 outsize=1599 kw=DIRECTIONAL SHADOWS_OFF LIGHTMAP_OFF DIRLIGHTMAP_OFF DYNAMICLIGHTMAP_OFF ok=1
Cmd: compileSnippet
  api=4 type=0 insize=3967 outsize=2087 kw= ok=1
Cmd: compileSnippet
  api=4 type=1 insize=3967 outsize=1900 kw= ok=1
Cmd: preprocess
  insize=2051 outsize=1134 ok=1
Cmd: preprocess
  insize=673 outsize=673 ok=1
Cmd: preprocess
  insize=1892 outsize=1138 ok=1
Cmd: compileSnippet
  api=4 type=0 insize=7293 outsize=2493 kw=DIRECTIONAL SHADOWS_OFF LIGHTMAP_OFF DIRLIGHTMAP_OFF DYNAMICLIGHTMAP_OFF ok=1
Cmd: compileSnippet
  api=4 type=1 insize=7293 outsize=1558 kw=DIRECTIONAL SHADOWS_OFF LIGHTMAP_OFF DIRLIGHTMAP_OFF DYNAMICLIGHTMAP_OFF ok=1
Cmd: compileSnippet
  api=4 type=0 insize=3803 outsize=2087 kw= ok=1
Cmd: compileSnippet
  api=4 type=1 insize=3803 outsize=1859 kw= ok=1
Cmd: preprocess
  insize=1891 outsize=1137 ok=1
Cmd: preprocess
  insize=658 outsize=658 ok=1
Cmd: preprocess
  insize=1887 outsize=720 ok=1
Cmd: compileSnippet
  api=4 type=0 insize=1051 outsize=1250 kw= ok=1
Cmd: compileSnippet
  api=4 type=1 insize=1051 outsize=949 kw= ok=1
Cmd: compileSnippet
  api=4 type=0 insize=1089 outsize=1298 kw= ok=1
Cmd: compileSnippet
  api=4 type=1 insize=1089 outsize=990 kw= ok=1
